<?xml version="1.0" encoding="UTF-8"?>
<testsuite xmlns:xsi="http://www.w3.org/2001/XMLSchema-instance" xsi:noNamespaceSchemaLocation="https://maven.apache.org/surefire/maven-surefire-plugin/xsd/surefire-test-report-3.0.xsd" version="3.0" name="sorting.test.StudentSortingTest" time="0.165" tests="10" errors="0" skipped="0" failures="0">
  <properties>
    <property name="java.specification.version" value="17"/>
    <property name="sun.jnu.encoding" value="UTF-8"/>
    <property name="java.class.path" value="/home/lucas.ariel.carvalho/LEDA/R02-02-Rot-RecursiveSorting-Quick3-Merge-environment/target/test-classes:/home/lucas.ariel.carvalho/LEDA/R02-02-Rot-RecursiveSorting-Quick3-Merge-environment/target/classes:/home/lucas.ariel.carvalho/.m2/repository/junit/junit/4.13.1/junit-4.13.1.jar:/home/lucas.ariel.carvalho/.m2/repository/org/hamcrest/hamcrest-core/1.3/hamcrest-core-1.3.jar:"/>
    <property name="java.vm.vendor" value="Private Build"/>
    <property name="sun.arch.data.model" value="64"/>
    <property name="java.vendor.url" value="Unknown"/>
    <property name="os.name" value="Linux"/>
    <property name="java.vm.specification.version" value="17"/>
    <property name="sun.java.launcher" value="SUN_STANDARD"/>
    <property name="user.country" value="BR"/>
    <property name="sun.boot.library.path" value="/usr/lib/jvm/java-17-openjdk-amd64/lib"/>
    <property name="sun.java.command" value="/home/lucas.ariel.carvalho/LEDA/R02-02-Rot-RecursiveSorting-Quick3-Merge-environment/target/surefire/surefirebooter-20230818111659635_3.jar /home/lucas.ariel.carvalho/LEDA/R02-02-Rot-RecursiveSorting-Quick3-Merge-environment/target/surefire 2023-08-18T11-16-59_050-jvmRun1 surefire-20230818111659635_1tmp surefire_0-20230818111659635_2tmp"/>
    <property name="jdk.debug" value="release"/>
    <property name="surefire.test.class.path" value="/home/lucas.ariel.carvalho/LEDA/R02-02-Rot-RecursiveSorting-Quick3-Merge-environment/target/test-classes:/home/lucas.ariel.carvalho/LEDA/R02-02-Rot-RecursiveSorting-Quick3-Merge-environment/target/classes:/home/lucas.ariel.carvalho/.m2/repository/junit/junit/4.13.1/junit-4.13.1.jar:/home/lucas.ariel.carvalho/.m2/repository/org/hamcrest/hamcrest-core/1.3/hamcrest-core-1.3.jar:"/>
    <property name="sun.cpu.endian" value="little"/>
    <property name="user.home" value="/home/lucas.ariel.carvalho"/>
    <property name="user.language" value="pt"/>
    <property name="java.specification.vendor" value="Oracle Corporation"/>
    <property name="java.version.date" value="2023-04-18"/>
    <property name="java.home" value="/usr/lib/jvm/java-17-openjdk-amd64"/>
    <property name="file.separator" value="/"/>
    <property name="basedir" value="/home/lucas.ariel.carvalho/LEDA/R02-02-Rot-RecursiveSorting-Quick3-Merge-environment"/>
    <property name="java.vm.compressedOopsMode" value="32-bit"/>
    <property name="line.separator" value="&#10;"/>
    <property name="java.vm.specification.vendor" value="Oracle Corporation"/>
    <property name="java.specification.name" value="Java Platform API Specification"/>
    <property name="surefire.real.class.path" value="/home/lucas.ariel.carvalho/LEDA/R02-02-Rot-RecursiveSorting-Quick3-Merge-environment/target/surefire/surefirebooter-20230818111659635_3.jar"/>
    <property name="sun.management.compiler" value="HotSpot 64-Bit Tiered Compilers"/>
    <property name="java.runtime.version" value="17.0.7+7-Ubuntu-0ubuntu120.04"/>
    <property name="user.name" value="lucas.ariel.carvalho"/>
    <property name="path.separator" value=":"/>
    <property name="os.version" value="5.4.0-153-generic"/>
    <property name="java.runtime.name" value="OpenJDK Runtime Environment"/>
    <property name="file.encoding" value="UTF-8"/>
    <property name="java.vm.name" value="OpenJDK 64-Bit Server VM"/>
    <property name="localRepository" value="/home/lucas.ariel.carvalho/.m2/repository"/>
    <property name="java.vendor.url.bug" value="Unknown"/>
    <property name="java.io.tmpdir" value="/tmp"/>
    <property name="java.version" value="17.0.7"/>
    <property name="user.dir" value="/home/lucas.ariel.carvalho/LEDA/R02-02-Rot-RecursiveSorting-Quick3-Merge-environment"/>
    <property name="os.arch" value="amd64"/>
    <property name="java.vm.specification.name" value="Java Virtual Machine Specification"/>
    <property name="native.encoding" value="UTF-8"/>
    <property name="java.library.path" value="/usr/java/packages/lib:/usr/lib/x86_64-linux-gnu/jni:/lib/x86_64-linux-gnu:/usr/lib/x86_64-linux-gnu:/usr/lib/jni:/lib:/usr/lib"/>
    <property name="java.vm.info" value="mixed mode, sharing"/>
    <property name="java.vendor" value="Private Build"/>
    <property name="java.vm.version" value="17.0.7+7-Ubuntu-0ubuntu120.04"/>
    <property name="sun.io.unicode.encoding" value="UnicodeLittle"/>
    <property name="java.class.version" value="61.0"/>
  </properties>
  <testcase name="testSort01" classname="sorting.test.StudentSortingTest" time="0.012"/>
  <testcase name="testSort02" classname="sorting.test.StudentSortingTest" time="0"/>
  <testcase name="testSort03" classname="sorting.test.StudentSortingTest" time="0"/>
  <testcase name="testSort04" classname="sorting.test.StudentSortingTest" time="0.001"/>
  <testcase name="testSort05" classname="sorting.test.StudentSortingTest" time="0"/>
  <testcase name="testSort06" classname="sorting.test.StudentSortingTest" time="0"/>
  <testcase name="testSort07" classname="sorting.test.StudentSortingTest" time="0.001"/>
  <testcase name="testSort08" classname="sorting.test.StudentSortingTest" time="0"/>
  <testcase name="testSort09" classname="sorting.test.StudentSortingTest" time="0.001"/>
  <testcase name="testSort10" classname="sorting.test.StudentSortingTest" time="0"/>
</testsuite>